Build started 17/02/2016 02:25:03.
     1>Project "C:\Users\HUGH\Documents\Visual Studio 2013\Projects\vhsme\vhsme\vhsme.vcxproj" on node 2 (Build target(s)).
     1>ClCompile:
         C:\Program Files (x86)\Microsoft Visual Studio 12.0\VC\bin\CL.exe /c /ZI /nologo /W3 /WX- /Od /Oy- /D WIN32 /D _DEBUG /D _CONSOLE /D _LIB /D _UNICODE /D UNICODE /Gm /EHsc /RTC1 /MDd /GS /fp:precise /Zc:wchar_t /Zc:forScope /Fo"Debug\\" /Fd"Debug\vc120.pdb" /Gd /TP /analyze- /errorReport:prompt vhsme.cpp
         vhsme.cpp
     1>c:\users\hugh\documents\visual studio 2013\projects\vhsme\vhsme\stb_image.h(559): warning C4996: 'fopen': This function or variable may be unsafe. Consider using fopen_s instead. To disable deprecation, use _CRT_SECURE_NO_WARNINGS. See online help for details.
                 c:\program files (x86)\microsoft visual studio 12.0\vc\include\stdio.h(211) : see declaration of 'fopen'
     1>c:\users\hugh\documents\visual studio 2013\projects\vhsme\vhsme\stb_image.h(621): warning C4996: 'fopen': This function or variable may be unsafe. Consider using fopen_s instead. To disable deprecation, use _CRT_SECURE_NO_WARNINGS. See online help for details.
                 c:\program files (x86)\microsoft visual studio 12.0\vc\include\stdio.h(211) : see declaration of 'fopen'
     1>c:\users\hugh\documents\visual studio 2013\projects\vhsme\vhsme\stb_image.h(659): warning C4996: 'fopen': This function or variable may be unsafe. Consider using fopen_s instead. To disable deprecation, use _CRT_SECURE_NO_WARNINGS. See online help for details.
                 c:\program files (x86)\microsoft visual studio 12.0\vc\include\stdio.h(211) : see declaration of 'fopen'
     1>c:\users\hugh\documents\visual studio 2013\projects\vhsme\vhsme\stb_image.h(4552): warning C4996: 'fopen': This function or variable may be unsafe. Consider using fopen_s instead. To disable deprecation, use _CRT_SECURE_NO_WARNINGS. See online help for details.
                 c:\program files (x86)\microsoft visual studio 12.0\vc\include\stdio.h(211) : see declaration of 'fopen'
     1>c:\users\hugh\documents\visual studio 2013\projects\vhsme\vhsme\vhsme.cpp(152): warning C4244: 'argument' : conversion from 'int' to 'float', possible loss of data
     1>c:\users\hugh\documents\visual studio 2013\projects\vhsme\vhsme\vhsme.cpp(160): warning C4244: 'argument' : conversion from 'time_t' to 'unsigned int', possible loss of data
       Link:
         C:\Program Files (x86)\Microsoft Visual Studio 12.0\VC\bin\link.exe /ERRORREPORT:PROMPT /OUT:"C:\Users\HUGH\Documents\Visual Studio 2013\Projects\vhsme\Debug\vhsme.exe" /INCREMENTAL /NOLOGO kernel32.lib user32.lib gdi32.lib winspool.lib comdlg32.lib advapi32.lib shell32.lib ole32.lib oleaut32.lib uuid.lib odbc32.lib odbccp32.lib /MANIFEST /MANIFESTUAC:"level='asInvoker' uiAccess='false'" /manifest:embed /DEBUG /PDB:"C:\Users\HUGH\Documents\Visual Studio 2013\Projects\vhsme\Debug\vhsme.pdb" /SUBSYSTEM:CONSOLE /TLBID:1 /DYNAMICBASE /NXCOMPAT /IMPLIB:"C:\Users\HUGH\Documents\Visual Studio 2013\Projects\vhsme\Debug\vhsme.lib" /MACHINE:X86 Debug\stdafx.obj
         Debug\vhsme.obj
         vhsme.vcxproj -> C:\Users\HUGH\Documents\Visual Studio 2013\Projects\vhsme\Debug\vhsme.exe
     1>Done Building Project "C:\Users\HUGH\Documents\Visual Studio 2013\Projects\vhsme\vhsme\vhsme.vcxproj" (Build target(s)).

Build succeeded.

Time Elapsed 00:00:00.93
